<?xml version="1.0" encoding="UTF-8"?>
<testng-results ignored="0" total="1" passed="1" failed="0" skipped="0">
  <reporter-output>
  </reporter-output>
  <suite started-at="2022-09-24T10:57:22Z" name="Suite" finished-at="2022-09-24T10:59:14Z" duration-ms="111242">
    <groups>
    </groups>
    <test started-at="2022-09-24T10:57:22Z" name="Test" finished-at="2022-09-24T10:59:14Z" duration-ms="111242">
      <class name="driverFactory.driverScript">
        <test-method signature="starttest()[pri:0, instance:driverFactory.driverScript@b7f23d9]" started-at="2022-09-24T10:57:22Z" name="starttest" finished-at="2022-09-24T10:59:14Z" duration-ms="111207" status="PASS">
          <reporter-output>
          </reporter-output>
        </test-method> <!-- starttest -->
      </class> <!-- driverFactory.driverScript -->
    </test> <!-- Test -->
  </suite> <!-- Suite -->
</testng-results>
